<?xml version="1.0" encoding="UTF-8"?>
<!-- Generated by org.testng.reporters.JUnitXMLReporter -->
<testsuite ignored="0" hostname="apoorv" failures="0" tests="4" name="Add customer Test" time="1.215" errors="0" timestamp="06 Jul 2022 05:34:59 GMT">
  <testcase classname="com.apoorv.testcases.AddCustomerTest" name="addCustomerTest" time="0.751"/>
  <testcase classname="com.apoorv.testcases.AddCustomerTest" name="addCustomerTest" time="0.0">
    <skipped/>
  </testcase> <!-- addCustomerTest -->
  <testcase classname="com.apoorv.testcases.AddCustomerTest" name="addCustomerTest" time="0.455"/>
  <testcase classname="com.apoorv.testcases.AddCustomerTest" name="addCustomerTest" time="0.002">
    <skipped/>
  </testcase> <!-- addCustomerTest -->
</testsuite> <!-- Add customer Test -->
