<?xml version="1.0" encoding="UTF-8"?>
<!-- Generated by org.testng.reporters.JUnitXMLReporter -->
<testsuite ignored="0" hostname="apoorv" failures="1" tests="1" name="Login test" time="0.223" errors="0" timestamp="24 Jun 2022 06:14:58 GMT">
  <testcase classname="com.apoorv.testcases.BankManagerLoginTest" name="loginAsBankManager" time="0.199">
    <failure type="java.lang.AssertionError" message="login not successful">
      <![CDATA[java.lang.AssertionError: login not successful
at com.apoorv.testcases.BankManagerLoginTest.loginAsBankManager(BankManagerLoginTest.java:18)
... Removed 26 stack frames]]>
    </failure>
  </testcase> <!-- loginAsBankManager -->
</testsuite> <!-- Login test -->
