<?xml version="1.0" encoding="UTF-8"?>
<!-- Generated by org.testng.reporters.JUnitXMLReporter -->
<testsuite ignored="0" hostname="apoorv" failures="0" tests="4" name="Add customer Test" time="14.002" errors="0" timestamp="05 Jul 2022 11:34:23 GMT">
  <testcase classname="com.apoorv.testcases.AddCustomerTest" name="addCustomerTest" time="3.647"/>
  <testcase classname="com.apoorv.testcases.AddCustomerTest" name="addCustomerTest" time="3.447"/>
  <testcase classname="com.apoorv.testcases.AddCustomerTest" name="addCustomerTest" time="3.384"/>
  <testcase classname="com.apoorv.testcases.AddCustomerTest" name="addCustomerTest" time="3.506"/>
</testsuite> <!-- Add customer Test -->
