<?xml version="1.0" encoding="UTF-8"?>
<!-- Generated by org.testng.reporters.JUnitXMLReporter -->
<testsuite ignored="0" hostname="apoorv" failures="2" tests="2" name="Login Test" time="0.362" errors="0" timestamp="04 Jul 2022 15:12:30 GMT">
  <testcase classname="com.apoorv.testcases.BankManagerLoginTest" name="bankManagerLoginTest" time="0.006">
    <failure type="java.lang.NullPointerException" message="Cannot invoke &amp;quot;com.apoorv.utilities.ExcelReader.getRowCount(String)&amp;quot; because &amp;quot;excel&amp;quot; is null">
      <![CDATA[java.lang.NullPointerException: Cannot invoke "com.apoorv.utilities.ExcelReader.getRowCount(String)" because "excel" is null
at com.apoorv.utilities.TestUtil.isTestRunnable(TestUtil.java:52)
at com.apoorv.listeners.CustomListeners.onTestStart(CustomListeners.java:17)
... Removed 22 stack frames]]>
    </failure>
  </testcase> <!-- bankManagerLoginTest -->
  <testcase classname="com.apoorv.testcases.BankManagerLoginTest" name="bankManagerLoginTest" time="0.198">
    <failure type="java.lang.NullPointerException" message="Cannot invoke &amp;quot;com.aventstack.extentreports.ExtentTest.fail(String)&amp;quot; because the return value of &amp;quot;java.lang.ThreadLocal.get()&amp;quot; is null">
      <![CDATA[java.lang.NullPointerException: Cannot invoke "com.aventstack.extentreports.ExtentTest.fail(String)" because the return value of "java.lang.ThreadLocal.get()" is null
at com.apoorv.listeners.ExtentListeners.onTestFailure(ExtentListeners.java:61)
... Removed 22 stack frames]]>
    </failure>
  </testcase> <!-- bankManagerLoginTest -->
</testsuite> <!-- Login Test -->
