-------------------------------------------------------------------------------
Test set: TestSuite
-------------------------------------------------------------------------------
Tests run: 2, Failures: 1, Errors: 0, Skipped: 0, Time elapsed: 10.104 sec <<< FAILURE! - in TestSuite
loginAsBankManager(com.apoorv.testcases.BankManagerLoginTest)  Time elapsed: 0.55 sec  <<< FAILURE!
java.lang.AssertionError: login not successful
	at org.testng.Assert.fail(Assert.java:96)
	at com.apoorv.testcases.BankManagerLoginTest.loginAsBankManager(BankManagerLoginTest.java:17)

