<?xml version="1.0" encoding="UTF-8"?>
<testng-results ignored="0" total="6" passed="5" failed="0" skipped="1">
  <reporter-output>
  </reporter-output>
  <suite started-at="2022-07-05T11:37:01Z" name="Test cases" finished-at="2022-07-05T11:37:16Z" duration-ms="15089">
    <groups>
    </groups>
    <test started-at="2022-07-05T11:37:01Z" name="Login Test" finished-at="2022-07-05T11:37:01Z" duration-ms="391">
      <class name="com.apoorv.testcases.BankManagerLoginTest">
        <test-method signature="bankManagerLoginTest()[pri:0, instance:com.apoorv.testcases.BankManagerLoginTest@2f17e30d]" started-at="2022-07-05T11:37:01Z" name="bankManagerLoginTest" finished-at="2022-07-05T11:37:01Z" duration-ms="362" status="PASS">
          <reporter-output>
          </reporter-output>
        </test-method> <!-- bankManagerLoginTest -->
      </class> <!-- com.apoorv.testcases.BankManagerLoginTest -->
    </test> <!-- Login Test -->
    <test started-at="2022-07-05T11:37:02Z" name="Open account Test" finished-at="2022-07-05T11:37:02Z" duration-ms="21">
      <class name="com.apoorv.testcases.OpenAccountTest">
        <test-method signature="openAccountTest(java.lang.String, java.lang.String)[pri:0, instance:com.apoorv.testcases.OpenAccountTest@424ebba3]" started-at="2022-07-05T11:37:02Z" name="openAccountTest" data-provider="dp" finished-at="2022-07-05T11:37:02Z" duration-ms="1" status="SKIP">
          <params>
            <param index="0">
              <value>
                <![CDATA[Ron Weasly ]]>
              </value>
            </param>
            <param index="1">
              <value>
                <![CDATA[Dollar ]]>
              </value>
            </param>
          </params>
          <exception class="org.testng.SkipException">
            <message>
              <![CDATA[Skipping the testOPENACCOUNTTEST as the run mode is no]]>
            </message>
            <full-stacktrace>
              <![CDATA[org.testng.SkipException: Skipping the testOPENACCOUNTTEST as the run mode is no
at com.apoorv.listeners.ExtentListeners.onTestStart(ExtentListeners.java:42)
at org.testng.internal.TestListenerHelper.runTestListeners(TestListenerHelper.java:73)
at org.testng.internal.Invoker.runTestListeners(Invoker.java:1389)
at org.testng.internal.Invoker.invokeMethod(Invoker.java:559)
at org.testng.internal.Invoker.invokeTestMethod(Invoker.java:719)
at org.testng.internal.Invoker.invokeTestMethods(Invoker.java:989)
at org.testng.internal.TestMethodWorker.invokeTestMethods(TestMethodWorker.java:125)
at org.testng.internal.TestMethodWorker.run(TestMethodWorker.java:109)
at org.testng.TestRunner.privateRun(TestRunner.java:648)
at org.testng.TestRunner.run(TestRunner.java:505)
at org.testng.SuiteRunner.runTest(SuiteRunner.java:455)
at org.testng.SuiteRunner.runSequentially(SuiteRunner.java:450)
at org.testng.SuiteRunner.privateRun(SuiteRunner.java:415)
at org.testng.SuiteRunner.run(SuiteRunner.java:364)
at org.testng.SuiteRunnerWorker.runSuite(SuiteRunnerWorker.java:52)
at org.testng.SuiteRunnerWorker.run(SuiteRunnerWorker.java:84)
at org.testng.TestNG.runSuitesSequentially(TestNG.java:1208)
at org.testng.TestNG.runSuitesLocally(TestNG.java:1137)
at org.testng.TestNG.runSuites(TestNG.java:1049)
at org.testng.TestNG.run(TestNG.java:1017)
at org.apache.maven.surefire.testng.TestNGExecutor.run(TestNGExecutor.java:295)
at org.apache.maven.surefire.testng.TestNGXmlTestSuite.execute(TestNGXmlTestSuite.java:84)
at org.apache.maven.surefire.testng.TestNGProvider.invoke(TestNGProvider.java:90)
at org.apache.maven.surefire.booter.ForkedBooter.invokeProviderInSameClassLoader(ForkedBooter.java:203)
at org.apache.maven.surefire.booter.ForkedBooter.runSuitesInProcess(ForkedBooter.java:155)
at org.apache.maven.surefire.booter.ForkedBooter.main(ForkedBooter.java:103)
]]>
            </full-stacktrace>
          </exception> <!-- org.testng.SkipException -->
          <reporter-output>
          </reporter-output>
        </test-method> <!-- openAccountTest -->
      </class> <!-- com.apoorv.testcases.OpenAccountTest -->
    </test> <!-- Open account Test -->
    <test started-at="2022-07-05T11:37:02Z" name="Add customer Test" finished-at="2022-07-05T11:37:16Z" duration-ms="14032">
      <class name="com.apoorv.testcases.AddCustomerTest">
        <test-method is-config="true" signature="setUp()[pri:0, instance:com.apoorv.testcases.AddCustomerTest@616fe72b]" started-at="2022-07-05T11:36:58Z" name="setUp" finished-at="2022-07-05T11:37:01Z" duration-ms="2690" status="PASS">
          <reporter-output>
          </reporter-output>
        </test-method> <!-- setUp -->
        <test-method signature="addCustomerTest(java.lang.String, java.lang.String, java.lang.String, java.lang.String)[pri:0, instance:com.apoorv.testcases.AddCustomerTest@616fe72b]" started-at="2022-07-05T11:37:02Z" name="addCustomerTest" data-provider="dp" finished-at="2022-07-05T11:37:06Z" duration-ms="3928" status="PASS">
          <params>
            <param index="0">
              <value>
                <![CDATA[Raman]]>
              </value>
            </param>
            <param index="1">
              <value>
                <![CDATA[Aruna]]>
              </value>
            </param>
            <param index="2">
              <value>
                <![CDATA[A234d]]>
              </value>
            </param>
            <param index="3">
              <value>
                <![CDATA[Customer added successfully]]>
              </value>
            </param>
          </params>
          <reporter-output>
          </reporter-output>
        </test-method> <!-- addCustomerTest -->
        <test-method signature="addCustomerTest(java.lang.String, java.lang.String, java.lang.String, java.lang.String)[pri:0, instance:com.apoorv.testcases.AddCustomerTest@616fe72b]" started-at="2022-07-05T11:37:06Z" name="addCustomerTest" data-provider="dp" finished-at="2022-07-05T11:37:09Z" duration-ms="3379" status="PASS">
          <params>
            <param index="0">
              <value>
                <![CDATA[Rahul]]>
              </value>
            </param>
            <param index="1">
              <value>
                <![CDATA[priyanka]]>
              </value>
            </param>
            <param index="2">
              <value>
                <![CDATA[A234d]]>
              </value>
            </param>
            <param index="3">
              <value>
                <![CDATA[Customer added successfully]]>
              </value>
            </param>
          </params>
          <reporter-output>
          </reporter-output>
        </test-method> <!-- addCustomerTest -->
        <test-method signature="addCustomerTest(java.lang.String, java.lang.String, java.lang.String, java.lang.String)[pri:0, instance:com.apoorv.testcases.AddCustomerTest@616fe72b]" started-at="2022-07-05T11:37:09Z" name="addCustomerTest" data-provider="dp" finished-at="2022-07-05T11:37:13Z" duration-ms="3343" status="PASS">
          <params>
            <param index="0">
              <value>
                <![CDATA[kamal]]>
              </value>
            </param>
            <param index="1">
              <value>
                <![CDATA[pria]]>
              </value>
            </param>
            <param index="2">
              <value>
                <![CDATA[A234d]]>
              </value>
            </param>
            <param index="3">
              <value>
                <![CDATA[Customer added successfully]]>
              </value>
            </param>
          </params>
          <reporter-output>
          </reporter-output>
        </test-method> <!-- addCustomerTest -->
        <test-method signature="addCustomerTest(java.lang.String, java.lang.String, java.lang.String, java.lang.String)[pri:0, instance:com.apoorv.testcases.AddCustomerTest@616fe72b]" started-at="2022-07-05T11:37:13Z" name="addCustomerTest" data-provider="dp" finished-at="2022-07-05T11:37:16Z" duration-ms="3377" status="PASS">
          <params>
            <param index="0">
              <value>
                <![CDATA[rani]]>
              </value>
            </param>
            <param index="1">
              <value>
                <![CDATA[gandhi]]>
              </value>
            </param>
            <param index="2">
              <value>
                <![CDATA[A234d]]>
              </value>
            </param>
            <param index="3">
              <value>
                <![CDATA[Customer added successfully]]>
              </value>
            </param>
          </params>
          <reporter-output>
          </reporter-output>
        </test-method> <!-- addCustomerTest -->
        <test-method is-config="true" signature="TearDown()[pri:0, instance:com.apoorv.testcases.AddCustomerTest@616fe72b]" started-at="2022-07-05T11:37:16Z" name="TearDown" finished-at="2022-07-05T11:37:20Z" duration-ms="3417" status="PASS">
          <reporter-output>
          </reporter-output>
        </test-method> <!-- TearDown -->
      </class> <!-- com.apoorv.testcases.AddCustomerTest -->
    </test> <!-- Add customer Test -->
  </suite> <!-- Test cases -->
</testng-results>
