<?xml version="1.0" encoding="UTF-8"?>
<testsuite name="Add customer Test"
           tests="4"
           failures="0"
           errors="0"
           skipped="0"
           time="13.984">
  <properties />
  
  
            <testcase name="addCustomerTest" time="3.447" classname="com.apoorv.testcases.AddCustomerTest" />
                <testcase name="addCustomerTest" time="3.384" classname="com.apoorv.testcases.AddCustomerTest" />
                <testcase name="addCustomerTest" time="3.506" classname="com.apoorv.testcases.AddCustomerTest" />
                <testcase name="addCustomerTest" time="3.647" classname="com.apoorv.testcases.AddCustomerTest" />
      
</testsuite>
