<?xml version="1.0" encoding="UTF-8"?>
<testng-results ignored="0" total="6" passed="5" failed="0" skipped="1">
  <reporter-output>
  </reporter-output>
  <suite started-at="2022-07-05T11:34:07Z" name="Test cases" finished-at="2022-07-05T11:34:23Z" duration-ms="15464">
    <groups>
    </groups>
    <test started-at="2022-07-05T11:34:07Z" name="Login Test" finished-at="2022-07-05T11:34:08Z" duration-ms="621">
      <class name="com.apoorv.testcases.BankManagerLoginTest">
        <test-method signature="bankManagerLoginTest()[pri:0, instance:com.apoorv.testcases.BankManagerLoginTest@2fc0cc3]" started-at="2022-07-05T11:34:07Z" name="bankManagerLoginTest" finished-at="2022-07-05T11:34:08Z" duration-ms="562" status="PASS">
          <reporter-output>
          </reporter-output>
        </test-method> <!-- bankManagerLoginTest -->
      </class> <!-- com.apoorv.testcases.BankManagerLoginTest -->
    </test> <!-- Login Test -->
    <test started-at="2022-07-05T11:34:08Z" name="Open account Test" finished-at="2022-07-05T11:34:08Z" duration-ms="26">
      <class name="com.apoorv.testcases.OpenAccountTest">
        <test-method signature="openAccountTest(java.lang.String, java.lang.String)[pri:0, instance:com.apoorv.testcases.OpenAccountTest@4b672daa]" started-at="2022-07-05T11:34:08Z" name="openAccountTest" data-provider="dp" finished-at="2022-07-05T11:34:08Z" duration-ms="8" status="SKIP">
          <params>
            <param index="0">
              <value>
                <![CDATA[Ron Weasly ]]>
              </value>
            </param>
            <param index="1">
              <value>
                <![CDATA[Dollar ]]>
              </value>
            </param>
          </params>
          <exception class="org.testng.SkipException">
            <message>
              <![CDATA[Skipping the testOPENACCOUNTTEST as the run mode is no]]>
            </message>
            <full-stacktrace>
              <![CDATA[org.testng.SkipException: Skipping the testOPENACCOUNTTEST as the run mode is no
at com.apoorv.listeners.ExtentListeners.onTestStart(ExtentListeners.java:42)
at org.testng.internal.TestListenerHelper.runTestListeners(TestListenerHelper.java:73)
at org.testng.internal.Invoker.runTestListeners(Invoker.java:1389)
at org.testng.internal.Invoker.invokeMethod(Invoker.java:559)
at org.testng.internal.Invoker.invokeTestMethod(Invoker.java:719)
at org.testng.internal.Invoker.invokeTestMethods(Invoker.java:989)
at org.testng.internal.TestMethodWorker.invokeTestMethods(TestMethodWorker.java:125)
at org.testng.internal.TestMethodWorker.run(TestMethodWorker.java:109)
at org.testng.TestRunner.privateRun(TestRunner.java:648)
at org.testng.TestRunner.run(TestRunner.java:505)
at org.testng.SuiteRunner.runTest(SuiteRunner.java:455)
at org.testng.SuiteRunner.runSequentially(SuiteRunner.java:450)
at org.testng.SuiteRunner.privateRun(SuiteRunner.java:415)
at org.testng.SuiteRunner.run(SuiteRunner.java:364)
at org.testng.SuiteRunnerWorker.runSuite(SuiteRunnerWorker.java:52)
at org.testng.SuiteRunnerWorker.run(SuiteRunnerWorker.java:84)
at org.testng.TestNG.runSuitesSequentially(TestNG.java:1208)
at org.testng.TestNG.runSuitesLocally(TestNG.java:1137)
at org.testng.TestNG.runSuites(TestNG.java:1049)
at org.testng.TestNG.run(TestNG.java:1017)
at org.testng.remote.AbstractRemoteTestNG.run(AbstractRemoteTestNG.java:115)
at org.testng.remote.RemoteTestNG.initAndRun(RemoteTestNG.java:251)
at org.testng.remote.RemoteTestNG.main(RemoteTestNG.java:77)
]]>
            </full-stacktrace>
          </exception> <!-- org.testng.SkipException -->
          <reporter-output>
          </reporter-output>
        </test-method> <!-- openAccountTest -->
      </class> <!-- com.apoorv.testcases.OpenAccountTest -->
    </test> <!-- Open account Test -->
    <test started-at="2022-07-05T11:34:09Z" name="Add customer Test" finished-at="2022-07-05T11:34:23Z" duration-ms="14002">
      <class name="com.apoorv.testcases.AddCustomerTest">
        <test-method is-config="true" signature="setUp()[pri:0, instance:com.apoorv.testcases.AddCustomerTest@7b324585]" started-at="2022-07-05T11:34:05Z" name="setUp" finished-at="2022-07-05T11:34:07Z" duration-ms="2550" status="PASS">
          <reporter-output>
          </reporter-output>
        </test-method> <!-- setUp -->
        <test-method signature="addCustomerTest(java.lang.String, java.lang.String, java.lang.String, java.lang.String)[pri:0, instance:com.apoorv.testcases.AddCustomerTest@7b324585]" started-at="2022-07-05T11:34:09Z" name="addCustomerTest" data-provider="dp" finished-at="2022-07-05T11:34:12Z" duration-ms="3647" status="PASS">
          <params>
            <param index="0">
              <value>
                <![CDATA[Raman]]>
              </value>
            </param>
            <param index="1">
              <value>
                <![CDATA[Aruna]]>
              </value>
            </param>
            <param index="2">
              <value>
                <![CDATA[A234d]]>
              </value>
            </param>
            <param index="3">
              <value>
                <![CDATA[Customer added successfully]]>
              </value>
            </param>
          </params>
          <reporter-output>
          </reporter-output>
        </test-method> <!-- addCustomerTest -->
        <test-method signature="addCustomerTest(java.lang.String, java.lang.String, java.lang.String, java.lang.String)[pri:0, instance:com.apoorv.testcases.AddCustomerTest@7b324585]" started-at="2022-07-05T11:34:12Z" name="addCustomerTest" data-provider="dp" finished-at="2022-07-05T11:34:16Z" duration-ms="3447" status="PASS">
          <params>
            <param index="0">
              <value>
                <![CDATA[Rahul]]>
              </value>
            </param>
            <param index="1">
              <value>
                <![CDATA[priyanka]]>
              </value>
            </param>
            <param index="2">
              <value>
                <![CDATA[A234d]]>
              </value>
            </param>
            <param index="3">
              <value>
                <![CDATA[Customer added successfully]]>
              </value>
            </param>
          </params>
          <reporter-output>
          </reporter-output>
        </test-method> <!-- addCustomerTest -->
        <test-method signature="addCustomerTest(java.lang.String, java.lang.String, java.lang.String, java.lang.String)[pri:0, instance:com.apoorv.testcases.AddCustomerTest@7b324585]" started-at="2022-07-05T11:34:16Z" name="addCustomerTest" data-provider="dp" finished-at="2022-07-05T11:34:19Z" duration-ms="3384" status="PASS">
          <params>
            <param index="0">
              <value>
                <![CDATA[kamal]]>
              </value>
            </param>
            <param index="1">
              <value>
                <![CDATA[pria]]>
              </value>
            </param>
            <param index="2">
              <value>
                <![CDATA[A234d]]>
              </value>
            </param>
            <param index="3">
              <value>
                <![CDATA[Customer added successfully]]>
              </value>
            </param>
          </params>
          <reporter-output>
          </reporter-output>
        </test-method> <!-- addCustomerTest -->
        <test-method signature="addCustomerTest(java.lang.String, java.lang.String, java.lang.String, java.lang.String)[pri:0, instance:com.apoorv.testcases.AddCustomerTest@7b324585]" started-at="2022-07-05T11:34:19Z" name="addCustomerTest" data-provider="dp" finished-at="2022-07-05T11:34:23Z" duration-ms="3506" status="PASS">
          <params>
            <param index="0">
              <value>
                <![CDATA[rani]]>
              </value>
            </param>
            <param index="1">
              <value>
                <![CDATA[gandhi]]>
              </value>
            </param>
            <param index="2">
              <value>
                <![CDATA[A234d]]>
              </value>
            </param>
            <param index="3">
              <value>
                <![CDATA[Customer added successfully]]>
              </value>
            </param>
          </params>
          <reporter-output>
          </reporter-output>
        </test-method> <!-- addCustomerTest -->
        <test-method is-config="true" signature="TearDown()[pri:0, instance:com.apoorv.testcases.AddCustomerTest@7b324585]" started-at="2022-07-05T11:34:23Z" name="TearDown" finished-at="2022-07-05T11:34:26Z" duration-ms="3319" status="PASS">
          <reporter-output>
          </reporter-output>
        </test-method> <!-- TearDown -->
      </class> <!-- com.apoorv.testcases.AddCustomerTest -->
    </test> <!-- Add customer Test -->
  </suite> <!-- Test cases -->
</testng-results>
