<?xml version="1.0" encoding="UTF-8"?>
<!-- Generated by org.testng.reporters.JUnitXMLReporter -->
<testsuite ignored="0" hostname="apoorv" failures="0" tests="4" name="Add customer test" time="13.8" errors="0" timestamp="04 Jul 2022 14:33:26 GMT">
  <testcase classname="com.apoorv.testcases.AddCustomerTest" name="addCustomerTest" time="3.44"/>
  <testcase classname="com.apoorv.testcases.AddCustomerTest" name="addCustomerTest" time="3.225"/>
  <testcase classname="com.apoorv.testcases.AddCustomerTest" name="addCustomerTest" time="3.228"/>
  <testcase classname="com.apoorv.testcases.AddCustomerTest" name="addCustomerTest" time="3.328"/>
</testsuite> <!-- Add customer test -->
