<?xml version="1.0" encoding="UTF-8"?>
<!-- Generated by org.testng.reporters.JUnitXMLReporter -->
<testsuite ignored="0" hostname="apoorv" failures="1" tests="1" name="Login test" time="1.038" errors="0" timestamp="26 Jun 2022 13:25:53 GMT">
  <testcase classname="com.apoorv.testcases.BankManagerLoginTest" name="loginAsBankManager" time="0.712">
    <failure type="java.lang.AssertionError" message="login not successful">
      <![CDATA[java.lang.AssertionError: login not successful
at com.apoorv.testcases.BankManagerLoginTest.loginAsBankManager(BankManagerLoginTest.java:16)
... Removed 29 stack frames]]>
    </failure>
  </testcase> <!-- loginAsBankManager -->
</testsuite> <!-- Login test -->
