<?xml version="1.0" encoding="UTF-8"?>
<testsuite name="Add customer Test"
           tests="4"
           failures="0"
           errors="0"
           skipped="0"
           time="14.027">
  <properties />
  
  
            <testcase name="addCustomerTest" time="3.377" classname="com.apoorv.testcases.AddCustomerTest" />
                <testcase name="addCustomerTest" time="3.379" classname="com.apoorv.testcases.AddCustomerTest" />
                <testcase name="addCustomerTest" time="3.928" classname="com.apoorv.testcases.AddCustomerTest" />
                <testcase name="addCustomerTest" time="3.343" classname="com.apoorv.testcases.AddCustomerTest" />
      
</testsuite>
